<?xml version="1.0" encoding="UTF-8"?>
<!-- Generated by org.testng.reporters.JUnitReportReporter -->
<testsuite hostname="govind794" failures="0" tests="8" name="Test_api.Get_categories" time="6.446" errors="0" timestamp="2021-01-08T14:23:13 IST" skipped="0">
  <testcase classname="Test_api.Get_categories" name="Get_Dailymenu" time="2.238"/>
  <system-out/>
  <testcase classname="Test_api.Get_categories" name="get_categories" time="0.329"/>
  <system-out/>
  <testcase classname="Test_api.Get_categories" name="Get_Restaurant_Review" time="0.911"/>
  <system-out/>
  <testcase classname="Test_api.Get_categories" name="Get_cuisine" time="0.395"/>
  <system-out/>
  <testcase classname="Test_api.Get_categories" name="Get_ListofRestaurant" time="0.469"/>
  <system-out/>
  <testcase classname="Test_api.Get_categories" name="Get_city" time="0.402"/>
  <system-out/>
  <testcase classname="Test_api.Get_categories" name="Get_DetailofRestaurant" time="0.472"/>
  <system-out/>
  <testcase classname="Test_api.Get_categories" name="Get_Search" time="1.230"/>
  <system-out/>
</testsuite> <!-- Test_api.Get_categories -->
